# JRE version: Java(TM) SE Runtime Environment (8.0_271-b09) (build 1.8.0_271-b09)
# Java VM: Java HotSpot(TM) 64-Bit Server VM (25.271-b09 mixed mode bsd-amd64 compressed oops)
Heap:
 PSYoungGen      total 1331200K, used 111732K [0x000000076ab00000, 0x00000007c0000000, 0x00000007c0000000)
  eden space 1264128K, 8% used [0x000000076ab00000,0x000000077181d180,0x00000007b7d80000)
  from space 67072K, 0% used [0x00000007bbe80000,0x00000007bbe80000,0x00000007c0000000)
  to   space 66560K, 0% used [0x00000007b7d80000,0x00000007b7d80000,0x00000007bbe80000)
 ParOldGen       total 192512K, used 39084K [0x00000006c0000000, 0x00000006cbc00000, 0x000000076ab00000)
  object space 192512K, 20% used [0x00000006c0000000,0x00000006c262b058,0x00000006cbc00000)
 Metaspace       used 61063K, capacity 62928K, committed 62976K, reserved 1103872K
  class space    used 7795K, capacity 8154K, committed 8192K, reserved 1048576K
GC Heap History (10 events):
Event: 3.576 GC heap before
{Heap before GC invocations=12 (full 2):
 PSYoungGen      total 796160K, used 796144K [0x000000076ab00000, 0x00000007b3a80000, 0x00000007c0000000)
  eden space 752640K, 100% used [0x000000076ab00000,0x0000000798a00000,0x0000000798a00000)
  from space 43520K, 99% used [0x0000000798a00000,0x000000079b47c0f8,0x000000079b480000)
  to   space 59392K, 0% used [0x00000007b0080000,0x00000007b0080000,0x00000007b3a80000)
 ParOldGen       total 133632K, used 72048K [0x00000006c0000000, 0x00000006c8280000, 0x000000076ab00000)
  object space 133632K, 53% used [0x00000006c0000000,0x00000006c465c088,0x00000006c8280000)
 Metaspace       used 42697K, capacity 44092K, committed 44288K, reserved 1087488K
  class space    used 5292K, capacity 5580K, committed 5632K, reserved 1048576K
Event: 3.608 GC heap after
Heap after GC invocations=12 (full 2):
 PSYoungGen      total 1132544K, used 43689K [0x000000076ab00000, 0x00000007b5c80000, 0x00000007c0000000)
  eden space 1073152K, 0% used [0x000000076ab00000,0x000000076ab00000,0x00000007ac300000)
  from space 59392K, 73% used [0x00000007b0080000,0x00000007b2b2a478,0x00000007b3a80000)
  to   space 62976K, 0% used [0x00000007ac300000,0x00000007ac300000,0x00000007b0080000)
 ParOldGen       total 133632K, used 103702K [0x00000006c0000000, 0x00000006c8280000, 0x000000076ab00000)
  object space 133632K, 77% used [0x00000006c0000000,0x00000006c6545928,0x00000006c8280000)
 Metaspace       used 42697K, capacity 44092K, committed 44288K, reserved 1087488K
  class space    used 5292K, capacity 5580K, committed 5632K, reserved 1048576K
}
Event: 16.397 GC heap before
{Heap before GC invocations=13 (full 2):
 PSYoungGen      total 1132544K, used 460860K [0x000000076ab00000, 0x00000007b5c80000, 0x00000007c0000000)
  eden space 1073152K, 38% used [0x000000076ab00000,0x0000000784264d80,0x00000007ac300000)
  from space 59392K, 73% used [0x00000007b0080000,0x00000007b2b2a478,0x00000007b3a80000)
  to   space 62976K, 0% used [0x00000007ac300000,0x00000007ac300000,0x00000007b0080000)
 ParOldGen       total 133632K, used 103702K [0x00000006c0000000, 0x00000006c8280000, 0x000000076ab00000)
  object space 133632K, 77% used [0x00000006c0000000,0x00000006c6545928,0x00000006c8280000)
 Metaspace       used 57273K, capacity 58976K, committed 59136K, reserved 1101824K
  class space    used 7251K, capacity 7596K, committed 7680K, reserved 1048576K
Event: 16.428 GC heap after
Heap after GC invocations=13 (full 2):
 PSYoungGen      total 1136128K, used 46653K [0x000000076ab00000, 0x00000007c0000000, 0x00000007c0000000)
  eden space 1073152K, 0% used [0x000000076ab00000,0x000000076ab00000,0x00000007ac300000)
  from space 62976K, 74% used [0x00000007ac300000,0x00000007af08f678,0x00000007b0080000)
  to   space 67072K, 0% used [0x00000007bbe80000,0x00000007bbe80000,0x00000007c0000000)
 ParOldGen       total 133632K, used 120694K [0x00000006c0000000, 0x00000006c8280000, 0x000000076ab00000)
  object space 133632K, 90% used [0x00000006c0000000,0x00000006c75dd958,0x00000006c8280000)
 Metaspace       used 57273K, capacity 58976K, committed 59136K, reserved 1101824K
  class space    used 7251K, capacity 7596K, committed 7680K, reserved 1048576K
}
Event: 16.428 GC heap before
{Heap before GC invocations=14 (full 3):
 PSYoungGen      total 1136128K, used 46653K [0x000000076ab00000, 0x00000007c0000000, 0x00000007c0000000)
  eden space 1073152K, 0% used [0x000000076ab00000,0x000000076ab00000,0x00000007ac300000)
  from space 62976K, 74% used [0x00000007ac300000,0x00000007af08f678,0x00000007b0080000)
  to   space 67072K, 0% used [0x00000007bbe80000,0x00000007bbe80000,0x00000007c0000000)
 ParOldGen       total 133632K, used 120694K [0x00000006c0000000, 0x00000006c8280000, 0x000000076ab00000)
  object space 133632K, 90% used [0x00000006c0000000,0x00000006c75dd958,0x00000006c8280000)
 Metaspace       used 57273K, capacity 58976K, committed 59136K, reserved 1101824K
  class space    used 7251K, capacity 7596K, committed 7680K, reserved 1048576K
Event: 16.511 GC heap after
Heap after GC invocations=14 (full 3):
 PSYoungGen      total 1136128K, used 0K [0x000000076ab00000, 0x00000007c0000000, 0x00000007c0000000)
  eden space 1073152K, 0% used [0x000000076ab00000,0x000000076ab00000,0x00000007ac300000)
  from space 62976K, 0% used [0x00000007ac300000,0x00000007ac300000,0x00000007b0080000)
  to   space 67072K, 0% used [0x00000007bbe80000,0x00000007bbe80000,0x00000007c0000000)
 ParOldGen       total 192512K, used 44698K [0x00000006c0000000, 0x00000006cbc00000, 0x000000076ab00000)
  object space 192512K, 23% used [0x00000006c0000000,0x00000006c2ba6810,0x00000006cbc00000)
 Metaspace       used 57273K, capacity 58976K, committed 59136K, reserved 1101824K
  class space    used 7251K, capacity 7596K, committed 7680K, reserved 1048576K
}
Event: 121.358 GC heap before
{Heap before GC invocations=15 (full 3):
 PSYoungGen      total 1136128K, used 109964K [0x000000076ab00000, 0x00000007c0000000, 0x00000007c0000000)
  eden space 1073152K, 10% used [0x000000076ab00000,0x00000007716633a8,0x00000007ac300000)
  from space 62976K, 0% used [0x00000007ac300000,0x00000007ac300000,0x00000007b0080000)
  to   space 67072K, 0% used [0x00000007bbe80000,0x00000007bbe80000,0x00000007c0000000)
 ParOldGen       total 192512K, used 44698K [0x00000006c0000000, 0x00000006cbc00000, 0x000000076ab00000)
  object space 192512K, 23% used [0x00000006c0000000,0x00000006c2ba6810,0x00000006cbc00000)
 Metaspace       used 61006K, capacity 62848K, committed 62976K, reserved 1103872K
  class space    used 7793K, capacity 8151K, committed 8192K, reserved 1048576K
Event: 121.368 GC heap after
Heap after GC invocations=15 (full 3):
 PSYoungGen      total 1331200K, used 7063K [0x000000076ab00000, 0x00000007c0000000, 0x00000007c0000000)
  eden space 1264128K, 0% used [0x000000076ab00000,0x000000076ab00000,0x00000007b7d80000)
  from space 67072K, 10% used [0x00000007bbe80000,0x00000007bc565e78,0x00000007c0000000)
  to   space 66560K, 0% used [0x00000007b7d80000,0x00000007b7d80000,0x00000007bbe80000)
 ParOldGen       total 192512K, used 44706K [0x00000006c0000000, 0x00000006cbc00000, 0x000000076ab00000)
  object space 192512K, 23% used [0x00000006c0000000,0x00000006c2ba8810,0x00000006cbc00000)
 Metaspace       used 61006K, capacity 62848K, committed 62976K, reserved 1103872K
  class space    used 7793K, capacity 8151K, committed 8192K, reserved 1048576K
}
Event: 121.368 GC heap before
{Heap before GC invocations=16 (full 4):
 PSYoungGen      total 1331200K, used 7063K [0x000000076ab00000, 0x00000007c0000000, 0x00000007c0000000)
  eden space 1264128K, 0% used [0x000000076ab00000,0x000000076ab00000,0x00000007b7d80000)
  from space 67072K, 10% used [0x00000007bbe80000,0x00000007bc565e78,0x00000007c0000000)
  to   space 66560K, 0% used [0x00000007b7d80000,0x00000007b7d80000,0x00000007bbe80000)
 ParOldGen       total 192512K, used 44706K [0x00000006c0000000, 0x00000006cbc00000, 0x000000076ab00000)
  object space 192512K, 23% used [0x00000006c0000000,0x00000006c2ba8810,0x00000006cbc00000)
 Metaspace       used 61006K, capacity 62848K, committed 62976K, reserved 1103872K
  class space    used 7793K, capacity 8151K, committed 8192K, reserved 1048576K
Event: 121.682 GC heap after
Heap after GC invocations=16 (full 4):
 PSYoungGen      total 1331200K, used 0K [0x000000076ab00000, 0x00000007c0000000, 0x00000007c0000000)
  eden space 1264128K, 0% used [0x000000076ab00000,0x000000076ab00000,0x00000007b7d80000)
  from space 67072K, 0% used [0x00000007bbe80000,0x00000007bbe80000,0x00000007c0000000)
  to   space 66560K, 0% used [0x00000007b7d80000,0x00000007b7d80000,0x00000007bbe80000)
 ParOldGen       total 192512K, used 39084K [0x00000006c0000000, 0x00000006cbc00000, 0x000000076ab00000)
  object space 192512K, 20% used [0x00000006c0000000,0x00000006c262b058,0x00000006cbc00000)
 Metaspace       used 61006K, capacity 62848K, committed 62976K, reserved 1103872K
  class space    used 7793K, capacity 8151K, committed 8192K, reserved 1048576K
}

