# JRE version: Java(TM) SE Runtime Environment (8.0_271-b09) (build 1.8.0_271-b09)
# Java VM: Java HotSpot(TM) 64-Bit Server VM (25.271-b09 mixed mode bsd-amd64 compressed oops)
Heap:
 PSYoungGen      total 860160K, used 100171K [0x000000076ab00000, 0x00000007b8480000, 0x00000007c0000000)
  eden space 822784K, 12% used [0x000000076ab00000,0x0000000770cd2e08,0x000000079ce80000)
  from space 37376K, 0% used [0x000000079ce80000,0x000000079ce80000,0x000000079f300000)
  to   space 50176K, 0% used [0x00000007b5380000,0x00000007b5380000,0x00000007b8480000)
 ParOldGen       total 265728K, used 54816K [0x00000006c0000000, 0x00000006d0380000, 0x000000076ab00000)
  object space 265728K, 20% used [0x00000006c0000000,0x00000006c3588240,0x00000006d0380000)
 Metaspace       used 64779K, capacity 66706K, committed 66816K, reserved 1107968K
  class space    used 8054K, capacity 8405K, committed 8448K, reserved 1048576K
GC Heap History (10 events):
Event: 3.562 GC heap before
{Heap before GC invocations=13 (full 2):
 PSYoungGen      total 613376K, used 609301K [0x000000076ab00000, 0x0000000796c80000, 0x00000007c0000000)
  eden space 580096K, 100% used [0x000000076ab00000,0x000000078e180000,0x000000078e180000)
  from space 33280K, 87% used [0x0000000790580000,0x0000000792205458,0x0000000792600000)
  to   space 36864K, 0% used [0x000000078e180000,0x000000078e180000,0x0000000790580000)
 ParOldGen       total 136704K, used 63740K [0x00000006c0000000, 0x00000006c8580000, 0x000000076ab00000)
  object space 136704K, 46% used [0x00000006c0000000,0x00000006c3e3f028,0x00000006c8580000)
 Metaspace       used 42690K, capacity 44108K, committed 44288K, reserved 1087488K
  class space    used 5292K, capacity 5582K, committed 5632K, reserved 1048576K
Event: 3.582 GC heap after
Heap after GC invocations=13 (full 2):
 PSYoungGen      total 616960K, used 23154K [0x000000076ab00000, 0x00000007a1700000, 0x00000007c0000000)
  eden space 580096K, 0% used [0x000000076ab00000,0x000000076ab00000,0x000000078e180000)
  from space 36864K, 62% used [0x000000078e180000,0x000000078f81c9d8,0x0000000790580000)
  to   space 36864K, 0% used [0x000000079f300000,0x000000079f300000,0x00000007a1700000)
 ParOldGen       total 136704K, used 92371K [0x00000006c0000000, 0x00000006c8580000, 0x000000076ab00000)
  object space 136704K, 67% used [0x00000006c0000000,0x00000006c5a34c20,0x00000006c8580000)
 Metaspace       used 42690K, capacity 44108K, committed 44288K, reserved 1087488K
  class space    used 5292K, capacity 5582K, committed 5632K, reserved 1048576K
}
Event: 3.658 GC heap before
{Heap before GC invocations=14 (full 2):
 PSYoungGen      total 616960K, used 603250K [0x000000076ab00000, 0x00000007a1700000, 0x00000007c0000000)
  eden space 580096K, 100% used [0x000000076ab00000,0x000000078e180000,0x000000078e180000)
  from space 36864K, 62% used [0x000000078e180000,0x000000078f81c9d8,0x0000000790580000)
  to   space 36864K, 0% used [0x000000079f300000,0x000000079f300000,0x00000007a1700000)
 ParOldGen       total 136704K, used 92632K [0x00000006c0000000, 0x00000006c8580000, 0x000000076ab00000)
  object space 136704K, 67% used [0x00000006c0000000,0x00000006c5a762d8,0x00000006c8580000)
 Metaspace       used 42707K, capacity 44108K, committed 44288K, reserved 1087488K
  class space    used 5293K, capacity 5582K, committed 5632K, reserved 1048576K
Event: 3.674 GC heap after
Heap after GC invocations=14 (full 2):
 PSYoungGen      total 859648K, used 24352K [0x000000076ab00000, 0x00000007a2600000, 0x00000007c0000000)
  eden space 822784K, 0% used [0x000000076ab00000,0x000000076ab00000,0x000000079ce80000)
  from space 36864K, 66% used [0x000000079f300000,0x00000007a0ac8110,0x00000007a1700000)
  to   space 37376K, 0% used [0x000000079ce80000,0x000000079ce80000,0x000000079f300000)
 ParOldGen       total 136704K, used 115180K [0x00000006c0000000, 0x00000006c8580000, 0x000000076ab00000)
  object space 136704K, 84% used [0x00000006c0000000,0x00000006c707b190,0x00000006c8580000)
 Metaspace       used 42707K, capacity 44108K, committed 44288K, reserved 1087488K
  class space    used 5293K, capacity 5582K, committed 5632K, reserved 1048576K
}
Event: 3.674 GC heap before
{Heap before GC invocations=15 (full 3):
 PSYoungGen      total 859648K, used 24352K [0x000000076ab00000, 0x00000007a2600000, 0x00000007c0000000)
  eden space 822784K, 0% used [0x000000076ab00000,0x000000076ab00000,0x000000079ce80000)
  from space 36864K, 66% used [0x000000079f300000,0x00000007a0ac8110,0x00000007a1700000)
  to   space 37376K, 0% used [0x000000079ce80000,0x000000079ce80000,0x000000079f300000)
 ParOldGen       total 136704K, used 115180K [0x00000006c0000000, 0x00000006c8580000, 0x000000076ab00000)
  object space 136704K, 84% used [0x00000006c0000000,0x00000006c707b190,0x00000006c8580000)
 Metaspace       used 42707K, capacity 44108K, committed 44288K, reserved 1087488K
  class space    used 5293K, capacity 5582K, committed 5632K, reserved 1048576K
Event: 3.783 GC heap after
Heap after GC invocations=15 (full 3):
 PSYoungGen      total 859648K, used 0K [0x000000076ab00000, 0x00000007a2600000, 0x00000007c0000000)
  eden space 822784K, 0% used [0x000000076ab00000,0x000000076ab00000,0x000000079ce80000)
  from space 36864K, 0% used [0x000000079f300000,0x000000079f300000,0x00000007a1700000)
  to   space 37376K, 0% used [0x000000079ce80000,0x000000079ce80000,0x000000079f300000)
 ParOldGen       total 265728K, used 117089K [0x00000006c0000000, 0x00000006d0380000, 0x000000076ab00000)
  object space 265728K, 44% used [0x00000006c0000000,0x00000006c7258440,0x00000006d0380000)
 Metaspace       used 42707K, capacity 44108K, committed 44288K, reserved 1087488K
  class space    used 5293K, capacity 5582K, committed 5632K, reserved 1048576K
}
Event: 512.950 GC heap before
{Heap before GC invocations=16 (full 3):
 PSYoungGen      total 859648K, used 739338K [0x000000076ab00000, 0x00000007a2600000, 0x00000007c0000000)
  eden space 822784K, 89% used [0x000000076ab00000,0x0000000797d02878,0x000000079ce80000)
  from space 36864K, 0% used [0x000000079f300000,0x000000079f300000,0x00000007a1700000)
  to   space 37376K, 0% used [0x000000079ce80000,0x000000079ce80000,0x000000079f300000)
 ParOldGen       total 265728K, used 117089K [0x00000006c0000000, 0x00000006d0380000, 0x000000076ab00000)
  object space 265728K, 44% used [0x00000006c0000000,0x00000006c7258440,0x00000006d0380000)
 Metaspace       used 64733K, capacity 66630K, committed 66816K, reserved 1107968K
  class space    used 8052K, capacity 8402K, committed 8448K, reserved 1048576K
Event: 512.992 GC heap after
Heap after GC invocations=16 (full 3):
 PSYoungGen      total 860160K, used 37364K [0x000000076ab00000, 0x00000007b8480000, 0x00000007c0000000)
  eden space 822784K, 0% used [0x000000076ab00000,0x000000076ab00000,0x000000079ce80000)
  from space 37376K, 99% used [0x000000079ce80000,0x000000079f2fd018,0x000000079f300000)
  to   space 50176K, 0% used [0x00000007b5380000,0x00000007b5380000,0x00000007b8480000)
 ParOldGen       total 265728K, used 138649K [0x00000006c0000000, 0x00000006d0380000, 0x000000076ab00000)
  object space 265728K, 52% used [0x00000006c0000000,0x00000006c87667b0,0x00000006d0380000)
 Metaspace       used 64733K, capacity 66630K, committed 66816K, reserved 1107968K
  class space    used 8052K, capacity 8402K, committed 8448K, reserved 1048576K
}
Event: 512.992 GC heap before
{Heap before GC invocations=17 (full 4):
 PSYoungGen      total 860160K, used 37364K [0x000000076ab00000, 0x00000007b8480000, 0x00000007c0000000)
  eden space 822784K, 0% used [0x000000076ab00000,0x000000076ab00000,0x000000079ce80000)
  from space 37376K, 99% used [0x000000079ce80000,0x000000079f2fd018,0x000000079f300000)
  to   space 50176K, 0% used [0x00000007b5380000,0x00000007b5380000,0x00000007b8480000)
 ParOldGen       total 265728K, used 138649K [0x00000006c0000000, 0x00000006d0380000, 0x000000076ab00000)
  object space 265728K, 52% used [0x00000006c0000000,0x00000006c87667b0,0x00000006d0380000)
 Metaspace       used 64733K, capacity 66630K, committed 66816K, reserved 1107968K
  class space    used 8052K, capacity 8402K, committed 8448K, reserved 1048576K
Event: 513.174 GC heap after
Heap after GC invocations=17 (full 4):
 PSYoungGen      total 860160K, used 0K [0x000000076ab00000, 0x00000007b8480000, 0x00000007c0000000)
  eden space 822784K, 0% used [0x000000076ab00000,0x000000076ab00000,0x000000079ce80000)
  from space 37376K, 0% used [0x000000079ce80000,0x000000079ce80000,0x000000079f300000)
  to   space 50176K, 0% used [0x00000007b5380000,0x00000007b5380000,0x00000007b8480000)
 ParOldGen       total 265728K, used 54816K [0x00000006c0000000, 0x00000006d0380000, 0x000000076ab00000)
  object space 265728K, 20% used [0x00000006c0000000,0x00000006c3588240,0x00000006d0380000)
 Metaspace       used 64733K, capacity 66630K, committed 66816K, reserved 1107968K
  class space    used 8052K, capacity 8402K, committed 8448K, reserved 1048576K
}

